c:\yolo-ninja\ch1\ch1\debug\ch1\ch1.winmd
c:\yolo-ninja\ch1\ch1\debug\ch1\ch1.lib
c:\yolo-ninja\ch1\ch1\debug\ch1\ch1.exp
c:\yolo-ninja\ch1\ch1\debug\ch1.vcxprojresolveassemblyreference.cache
c:\yolo-ninja\ch1\ch1\generated files\app.g.h
c:\yolo-ninja\ch1\ch1\generated files\mainpage.g.h
c:\yolo-ninja\ch1\ch1\generated files\xamllibmetadataprovider.g.cpp
c:\yolo-ninja\ch1\ch1\generated files\xamltypeinfo.impl.g.cpp
c:\yolo-ninja\ch1\ch1\generated files\app.xaml
c:\yolo-ninja\ch1\ch1\generated files\mainpage.xaml
c:\yolo-ninja\ch1\ch1\generated files\app.xbf
c:\yolo-ninja\ch1\ch1\generated files\mainpage.xbf
c:\yolo-ninja\ch1\ch1\debug\xamlsavestatefile.xml
c:\yolo-ninja\ch1\ch1\generated files\xamltypeinfo.g.cpp
c:\yolo-ninja\ch1\ch1\debug\ch1\app.xbf
c:\yolo-ninja\ch1\ch1\debug\ch1\mainpage.xbf
c:\yolo-ninja\ch1\ch1\debug\priconfig.xml
c:\yolo-ninja\ch1\ch1\debug\priconfig.xml.intermediate
c:\yolo-ninja\ch1\ch1\debug\layout.resfiles
c:\yolo-ninja\ch1\ch1\debug\layout.resfiles.intermediate
c:\yolo-ninja\ch1\ch1\debug\resources.resfiles
c:\yolo-ninja\ch1\ch1\debug\resources.resfiles.intermediate
c:\yolo-ninja\ch1\ch1\debug\pri.resfiles
c:\yolo-ninja\ch1\ch1\debug\pri.resfiles.intermediate
c:\yolo-ninja\ch1\ch1\debug\ch1\resources.pri
c:\yolo-ninja\ch1\ch1\debug\qualifiers.txt
c:\yolo-ninja\ch1\ch1\debug\qualifiers.txt.intermediate
c:\yolo-ninja\ch1\ch1\debug\multiplequalifiersperdimensionfound.txt
c:\yolo-ninja\ch1\ch1\debug\projectarchitectures.txt
c:\yolo-ninja\ch1\ch1\debug\ch1\appxmanifest.xml
c:\yolo-ninja\ch1\ch1\debug\ch1\ch1.build.appxrecipe
c:\yolo-ninja\ch1\ch1\debug\ch1.pch
c:\yolo-ninja\ch1\ch1\debug\vc140.pdb
c:\yolo-ninja\ch1\ch1\debug\vc140.idb
c:\yolo-ninja\ch1\ch1\debug\pch.obj
c:\yolo-ninja\ch1\ch1\debug\app.xaml.obj
c:\yolo-ninja\ch1\ch1\debug\mainpage.xaml.obj
c:\yolo-ninja\ch1\ch1\debug\xamltypeinfo.impl.g.obj
c:\yolo-ninja\ch1\ch1\debug\xamltypeinfo.g.obj
c:\yolo-ninja\ch1\ch1\debug\ch1.tlog\ch1.winmd.lastbuild
c:\yolo-ninja\ch1\ch1\debug\ch1\ch1.ilk
c:\yolo-ninja\ch1\ch1\debug\ch1\ch1.exe
c:\yolo-ninja\ch1\ch1\debug\ch1\ch1.pdb
c:\yolo-ninja\ch1\ch1\debug\embed.resfiles
c:\yolo-ninja\ch1\ch1\debug\ch1.tlog\ch1.read.1u.tlog
c:\yolo-ninja\ch1\ch1\debug\ch1.tlog\ch1.write.1u.tlog
c:\yolo-ninja\ch1\ch1\debug\ch1.tlog\cl.command.1.tlog
c:\yolo-ninja\ch1\ch1\debug\ch1.tlog\cl.read.1.tlog
c:\yolo-ninja\ch1\ch1\debug\ch1.tlog\cl.write.1.tlog
c:\yolo-ninja\ch1\ch1\debug\ch1.tlog\link.command.1.tlog
c:\yolo-ninja\ch1\ch1\debug\ch1.tlog\link.read.1.tlog
c:\yolo-ninja\ch1\ch1\debug\ch1.tlog\link.write.1.tlog
c:\yolo-ninja\ch1\ch1\generated files\xamlbindinginfo.g.h
c:\yolo-ninja\ch1\ch1\generated files\xamltypeinfo.g.h
